0 info it worked if it ends with ok
1 verbose cli [ 'node', '/usr/local/bin/npm', 'install' ]
2 info using npm@2.11.2
3 info using node@v0.12.5
4 verbose node symlink /usr/local/bin/node
5 verbose readDependencies loading dependencies from /Users/iancivgin/dev/w3_d4_nested_resources_starter_code/package.json
6 error install Couldn't read dependencies
7 verbose stack Error: ENOENT, open '/Users/iancivgin/dev/w3_d4_nested_resources_starter_code/package.json'
7 verbose stack     at Error (native)
8 verbose cwd /Users/iancivgin/dev/w3_d4_nested_resources_starter_code
9 error Darwin 14.3.0
10 error argv "node" "/usr/local/bin/npm" "install"
11 error node v0.12.5
12 error npm  v2.11.2
13 error path /Users/iancivgin/dev/w3_d4_nested_resources_starter_code/package.json
14 error code ENOPACKAGEJSON
15 error errno -2
16 error package.json ENOENT, open '/Users/iancivgin/dev/w3_d4_nested_resources_starter_code/package.json'
16 error package.json This is most likely not a problem with npm itself.
16 error package.json npm can't find a package.json file in your current directory.
17 verbose exit [ -2, true ]
